#
# There is insufficient memory for the Java Runtime Environment to continue.
# Native memory allocation (malloc) failed to allocate 1048576 bytes for AllocateHeap
# Possible reasons:
#   The system is out of physical RAM or swap space
#   In 32 bit mode, the process size limit was hit
# Possible solutions:
#   Reduce memory load on the system
#   Increase physical memory or swap space
#   Check if swap backing store is full
#   Use 64 bit Java on a 64 bit OS
#   Decrease Java heap size (-Xmx/-Xms)
#   Decrease number of Java threads
#   Decrease Java thread stack sizes (-Xss)
#   Set larger code cache with -XX:ReservedCodeCacheSize=
# This output file may be truncated or incomplete.
#
#  Out of Memory Error (memory/allocation.inline.hpp:61), pid=3320, tid=0x00000000000021a8
#
# JRE version:  (8.0_101-b13) (build )
# Java VM: Java HotSpot(TM) 64-Bit Server VM (25.101-b13 mixed mode windows-amd64 compressed oops)
# Failed to write core dump. Minidumps are not enabled by default on client versions of Windows
#

---------------  T H R E A D  ---------------

Current thread (0x0000000002570800):  JavaThread "Unknown thread" [_thread_in_vm, id=8616, stack(0x0000000002470000,0x0000000002570000)]

Stack: [0x0000000002470000,0x0000000002570000]
[error occurred during error reporting (printing stack bounds), id 0xc0000005]

Native frames: (J=compiled Java code, j=interpreted, Vv=VM code, C=native code)


---------------  P R O C E S S  ---------------

Java Threads: ( => current thread )

Other Threads:

=>0x0000000002570800 (exited) JavaThread "Unknown thread" [_thread_in_vm, id=8616, stack(0x0000000002470000,0x0000000002570000)]

VM state:not at safepoint (normal execution)

VM Mutex/Monitor currently owned by a thread: None

Heap:
 PSYoungGen      total 28672K, used 491K [0x00000000e0600000, 0x00000000e2600000, 0x0000000100000000)
  eden space 24576K, 2% used [0x00000000e0600000,0x00000000e067ae20,0x00000000e1e00000)
  from space 4096K, 0% used [0x00000000e2200000,0x00000000e2200000,0x00000000e2600000)
  to   space 4096K, 0% used [0x00000000e1e00000,0x00000000e1e00000,0x00000000e2200000)
 ParOldGen       total 65536K, used 0K [0x00000000a1200000, 0x00000000a5200000, 0x00000000e0600000)
  object space 65536K, 0% used [0x00000000a1200000,0x00000000a1200000,0x00000000a5200000)
 Metaspace       used 746K, capacity 4480K, committed 4480K, reserved 1056768K
  class space    used 75K, capacity 384K, committed 384K, reserved 1048576K

Card table byte_map: [0x0000000011a30000,0x0000000011d30000] byte_map_base: 0x0000000011527000

Marking Bits: (ParMarkBitMap*) 0x000000005121a6d0
 Begin Bits: [0x0000000012330000, 0x0000000013ae8000)
 End Bits:   [0x0000000013ae8000, 0x00000000152a0000)

Polling page: 0x0000000000a70000

CodeCache: size=245760Kb used=328Kb max_used=328Kb free=245431Kb
 bounds [0x0000000002670000, 0x00000000028e0000, 0x0000000011670000]
 total_blobs=58 nmethods=0 adapters=38
 compilation: enabled

Compilation events (0 events):
No events

GC Heap History (0 events):
No events

Deoptimization events (0 events):
No events

Internal exceptions (0 events):
No events

Events (10 events):
Event: 0.055 loading class java/lang/Short
Event: 0.055 loading class java/lang/Short done
Event: 0.055 loading class java/lang/Integer
Event: 0.055 loading class java/lang/Integer done
Event: 0.055 loading class java/lang/Long
Event: 0.055 loading class java/lang/Long done
Event: 0.055 loading class java/lang/NullPointerException
Event: 0.055 loading class java/lang/NullPointerException done
Event: 0.055 loading class java/lang/ArithmeticException
Event: 0.055 loading class java/lang/ArithmeticException done


Dynamic libraries:
0x00007ff7ea160000 - 0x00007ff7ea197000 	C:\Program Files\Java\jre1.8.0_101\bin\javaw.exe
0x00007ffaab390000 - 0x00007ffaab561000 	C:\WINDOWS\SYSTEM32\ntdll.dll
0x00007ffaa8ba0000 - 0x00007ffaa8c4b000 	C:\WINDOWS\System32\KERNEL32.DLL
0x00007ffaa8700000 - 0x00007ffaa891d000 	C:\WINDOWS\System32\KERNELBASE.dll
0x00007ffaaa5e0000 - 0x00007ffaaa682000 	C:\WINDOWS\System32\ADVAPI32.dll
0x00007ffaaa540000 - 0x00007ffaaa5de000 	C:\WINDOWS\System32\msvcrt.dll
0x00007ffaa8c60000 - 0x00007ffaa8cb9000 	C:\WINDOWS\System32\sechost.dll
0x00007ffaaaa20000 - 0x00007ffaaab41000 	C:\WINDOWS\System32\RPCRT4.dll
0x00007ffaab120000 - 0x00007ffaab285000 	C:\WINDOWS\System32\USER32.dll
0x00007ffaa7d30000 - 0x00007ffaa7d4e000 	C:\WINDOWS\System32\win32u.dll
0x00007ffaaabf0000 - 0x00007ffaaac24000 	C:\WINDOWS\System32\GDI32.dll
0x00007ffaa7920000 - 0x00007ffaa7aa2000 	C:\WINDOWS\System32\gdi32full.dll
0x00007ffa9e200000 - 0x00007ffa9e479000 	C:\WINDOWS\WinSxS\amd64_microsoft.windows.common-controls_6595b64144ccf1df_6.0.14393.0_none_2d0f50fcbdb171b8\COMCTL32.dll
0x00007ffaaa6f0000 - 0x00007ffaaa9b7000 	C:\WINDOWS\System32\combase.dll
0x00007ffaa7d50000 - 0x00007ffaa7e45000 	C:\WINDOWS\System32\ucrtbase.dll
0x00007ffaa8580000 - 0x00007ffaa85ea000 	C:\WINDOWS\System32\bcryptPrimitives.dll
0x00007ffaaab50000 - 0x00007ffaaab7e000 	C:\WINDOWS\System32\IMM32.DLL
0x00000000512a0000 - 0x0000000051372000 	C:\Program Files\Java\jre1.8.0_101\bin\msvcr100.dll
0x0000000050a00000 - 0x000000005129a000 	C:\Program Files\Java\jre1.8.0_101\bin\server\jvm.dll
0x00007ffaa8a30000 - 0x00007ffaa8a38000 	C:\WINDOWS\System32\PSAPI.DLL
0x00007ffa94d50000 - 0x00007ffa94d59000 	C:\WINDOWS\SYSTEM32\WSOCK32.dll
0x00007ffaa5af0000 - 0x00007ffaa5b13000 	C:\WINDOWS\SYSTEM32\WINMM.dll
0x00007ffa9d5f0000 - 0x00007ffa9d5fa000 	C:\WINDOWS\SYSTEM32\VERSION.dll
0x00007ffaaab80000 - 0x00007ffaaabea000 	C:\WINDOWS\System32\WS2_32.dll
0x00007ffaa5ac0000 - 0x00007ffaa5aeb000 	C:\WINDOWS\SYSTEM32\WINMMBASE.dll
0x00007ffaa8530000 - 0x00007ffaa8572000 	C:\WINDOWS\System32\cfgmgr32.dll
0x00000000509f0000 - 0x00000000509ff000 	C:\Program Files\Java\jre1.8.0_101\bin\verify.dll
0x00000000509c0000 - 0x00000000509e9000 	C:\Program Files\Java\jre1.8.0_101\bin\java.dll
0x00000000509a0000 - 0x00000000509b6000 	C:\Program Files\Java\jre1.8.0_101\bin\zip.dll

VM Arguments:
jvm_args: -Dfile.encoding=Cp1252 
java_command: edu.tridenttech.cpt237.irving.neptuneregistration.MainClass
java_class_path (initial): C:\Users\Stephen\workspace\IrvingNeptuneRegistrationVer2\bin
Launcher Type: SUN_STANDARD

Environment Variables:
PATH=C:/Program Files/Java/jre1.8.0_102/bin/server;C:/Program Files/Java/jre1.8.0_102/bin;C:/Program Files/Java/jre1.8.0_102/lib/amd64;C:\ProgramData\Oracle\Java\javapath;C:\Program Files (x86)\Intel\iCLS Client\;C:\Program Files\Intel\iCLS Client\;C:\WINDOWS\system32;C:\WINDOWS;C:\WINDOWS\System32\Wbem;C:\WINDOWS\System32\WindowsPowerShell\v1.0\;C:\Program Files\Hewlett-Packard\SimplePass\;C:\Program Files\Intel\Intel(R) Management Engine Components\DAL;C:\Program Files (x86)\Intel\Intel(R) Management Engine Components\DAL;C:\Program Files\Intel\Intel(R) Management Engine Components\IPT;C:\Program Files (x86)\Intel\Intel(R) Management Engine Components\IPT;c:\Program Files (x86)\Microsoft SQL Server\110\Tools\Binn\;c:\Program Files (x86)\Microsoft SQL Server\110\DTS\Binn\;c:\Program Files (x86)\Microsoft SQL Server\110\Tools\Binn\ManagementStudio\;C:\Users\Stephen\AppData\Local\Microsoft\WindowsApps;;C:\Program Files\Eclipse\Neon\eclipse;
USERNAME=Stephen
OS=Windows_NT
PROCESSOR_IDENTIFIER=Intel64 Family 6 Model 61 Stepping 4, GenuineIntel



---------------  S Y S T E M  ---------------

OS: Windows 10.0 , 64 bit Build 14393 (10.0.14393.0)

CPU:total 4 (2 cores per cpu, 2 threads per core) family 6 model 61 stepping 4, cmov, cx8, fxsr, mmx, sse, sse2, sse3, ssse3, sse4.1, sse4.2, popcnt, avx, avx2, aes, clmul, erms, 3dnowpref, lzcnt, ht, tsc, tscinvbit, bmi1, bmi2, adx

Memory: 4k page, physical 6211864k(2740176k free), swap 9283864k(5872k free)

vm_info: Java HotSpot(TM) 64-Bit Server VM (25.101-b13) for windows-amd64 JRE (1.8.0_101-b13), built on Jun 22 2016 01:21:29 by "java_re" with MS VC++ 10.0 (VS2010)

time: Sat Sep 10 22:34:59 2016
elapsed time: 0 seconds (0d 0h 0m 0s)

